<?xml version="1.0" encoding="UTF-8"?>
<!-- Generated by org.testng.reporters.JUnitReportReporter -->
<testsuite hostname="DESKTOP-66BAJ88" failures="0" tests="1" name="base.BaseTest" time="7.268" errors="0" timestamp="2024-07-16T07:36:31 IST" skipped="0">
  <testcase classname="base.BaseTest" name="loginToApplication" time="7.268"/>
</testsuite> <!-- base.BaseTest -->
