<?xml version="1.0" encoding="UTF-8"?>
<!-- Generated by org.testng.reporters.JUnitReportReporter -->
<testsuite hostname="DESKTOP-66BAJ88" failures="0" tests="1" name="modules.ApplyLeavePageFactory" time="1.131" errors="0" timestamp="2024-07-18T07:29:45 IST" skipped="0">
  <testcase classname="modules.ApplyLeavePageFactory" name="clickOnApplyLeaveIcon" time="1.131"/>
</testsuite> <!-- modules.ApplyLeavePageFactory -->
