<?xml version="1.0" encoding="UTF-8"?>
<!-- Generated by org.testng.reporters.JUnitReportReporter -->
<testsuite hostname="DESKTOP-66BAJ88" failures="0" tests="4" name="utils.ExtentReportsConfiguration" time="0.880" errors="0" timestamp="2024-07-20T18:17:16 IST" skipped="0">
  <testcase classname="utils.ExtentReportsConfiguration" name="getReportsConfiguration" time="0.339"/>
  <testcase classname="utils.ExtentReportsConfiguration" name="testcase1" time="0.007"/>
  <testcase classname="utils.ExtentReportsConfiguration" name="testcase2" time="0.001"/>
  <testcase classname="utils.ExtentReportsConfiguration" name="closeReport" time="0.533"/>
</testsuite> <!-- utils.ExtentReportsConfiguration -->
