<?xml version="1.0" encoding="UTF-8"?>
<!-- Generated by org.testng.reporters.JUnitReportReporter -->
<testsuite hostname="DESKTOP-66BAJ88" failures="0" tests="1" name="modules.Timesheet" time="1.047" errors="0" timestamp="2024-07-22T07:56:33 IST" skipped="0">
  <testcase classname="modules.Timesheet" name="clickOnTimeSheetIcon" time="1.047"/>
</testsuite> <!-- modules.Timesheet -->
