<?xml version="1.0" encoding="UTF-8"?>
<!-- Generated by org.testng.reporters.JUnitReportReporter -->
<testsuite hostname="DESKTOP-66BAJ88" failures="0" tests="1" name="modules.AppyLeave" time="2.638" errors="0" timestamp="2024-07-18T07:46:53 IST" skipped="0">
  <testcase classname="modules.AppyLeave" name="clickOnApplyLeaveIcon" time="2.638"/>
</testsuite> <!-- modules.AppyLeave -->
